<?xml version="1.0" encoding="UTF-8"?>
<!-- Generated by org.testng.reporters.JUnitReportReporter -->
<testsuite skipped="0" hostname="feiyanhongdeMacBook-Air.local" name="webtest.test_chrome_incorrect_register_with_noselect_gender" tests="1" failures="0" timestamp="04 一月 2019 11:32:48 GMT" time="7.667" errors="0">
  <testcase name="test_chrome_incorrect_register_with_noselect_gender" time="7.667" classname="webtest.test_chrome_incorrect_register_with_noselect_gender"/>
</testsuite> <!-- webtest.test_chrome_incorrect_register_with_noselect_gender -->
