<?xml version="1.0" encoding="UTF-8"?>
<!-- Generated by org.testng.reporters.JUnitReportReporter -->
<testsuite skipped="0" hostname="feiyanhongdeMacBook-Air.local" name="webtest.test_update" tests="1" failures="0" timestamp="10 一月 2019 14:29:17 GMT" time="11.750" errors="0">
  <testcase name="test_update" time="11.750" classname="webtest.test_update"/>
</testsuite> <!-- webtest.test_update -->
