<?xml version="1.0" encoding="UTF-8"?>
<!-- Generated by org.testng.reporters.JUnitReportReporter -->
<testsuite skipped="0" hostname="feiyanhongdeMacBook-Air.local" name="webtest.test_correct_login_firefox" tests="1" failures="0" timestamp="04 一月 2019 07:20:08 GMT" time="8.923" errors="0">
  <testcase name="test_correct_login_firefox" time="8.923" classname="webtest.test_correct_login_firefox"/>
</testsuite> <!-- webtest.test_correct_login_firefox -->
