<?xml version="1.0" encoding="UTF-8"?>
<!-- Generated by org.testng.reporters.JUnitReportReporter -->
<testsuite skipped="0" hostname="feiyanhongdeMacBook-Air.local" name="webtest.test_register_firefox" tests="1" failures="0" timestamp="04 一月 2019 07:17:35 GMT" time="6.970" errors="0">
  <testcase name="test_register_correctly_firefox" time="6.970" classname="webtest.test_register_firefox"/>
</testsuite> <!-- webtest.test_register_firefox -->
