<?xml version="1.0" encoding="UTF-8"?>
<!-- Generated by org.testng.reporters.JUnitReportReporter -->
<testsuite skipped="0" hostname="feiyanhongdeMacBook-Air.local" name="webtest.test_chrome_incorrect_register_with_existed_user" tests="1" failures="0" timestamp="04 一月 2019 11:30:53 GMT" time="7.693" errors="0">
  <testcase name="test" time="7.693" classname="webtest.test_chrome_incorrect_register_with_existed_user"/>
</testsuite> <!-- webtest.test_chrome_incorrect_register_with_existed_user -->
