<?xml version="1.0" encoding="UTF-8"?>
<!-- Generated by org.testng.reporters.JUnitReportReporter -->
<testsuite skipped="0" hostname="feiyanhongdeMacBook-Air.local" name="webtest.test_chrome_correct_login" tests="1" failures="0" timestamp="10 一月 2019 14:27:16 GMT" time="7.883" errors="0">
  <testcase name="test_chrome_correct_login" time="7.883" classname="webtest.test_chrome_correct_login"/>
</testsuite> <!-- webtest.test_chrome_correct_login -->
