<?xml version="1.0" encoding="UTF-8"?>
<!-- Generated by org.testng.reporters.JUnitReportReporter -->
<testsuite skipped="0" hostname="feiyanhongdeMacBook-Air.local" name="webtest.test_only_load_more" tests="1" failures="0" timestamp="10 一月 2019 14:45:34 GMT" time="21.112" errors="0">
  <testcase name="test_only_load_more" time="21.112" classname="webtest.test_only_load_more"/>
</testsuite> <!-- webtest.test_only_load_more -->
