<?xml version="1.0" encoding="UTF-8"?>
<!-- Generated by org.testng.reporters.JUnitReportReporter -->
<testsuite skipped="0" hostname="feiyanhongdeMacBook-Air.local" name="webtest.test_register_with_male" tests="1" failures="0" timestamp="03 一月 2019 13:51:01 GMT" time="5.725" errors="0">
  <testcase name="test_register_with_male" time="5.725" classname="webtest.test_register_with_male"/>
</testsuite> <!-- webtest.test_register_with_male -->
