<?xml version="1.0" encoding="UTF-8"?>
<!-- Generated by org.testng.reporters.JUnitReportReporter -->
<testsuite skipped="0" hostname="feiyanhongdeMacBook-Air.local" name="webtest.test_incorrect_register_with_noselect_gender" tests="1" failures="0" timestamp="03 一月 2019 13:48:57 GMT" time="5.920" errors="0">
  <testcase name="test_incorrect_register_with_noselect_gender" time="5.920" classname="webtest.test_incorrect_register_with_noselect_gender"/>
</testsuite> <!-- webtest.test_incorrect_register_with_noselect_gender -->
