<?xml version="1.0" encoding="UTF-8"?>
<!-- Generated by org.testng.reporters.JUnitReportReporter -->
<testsuite skipped="0" hostname="feiyanhongdeMacBook-Air.local" name="webtest.test_incorrect_register_with_existed_user" tests="1" failures="0" timestamp="03 一月 2019 13:46:36 GMT" time="5.733" errors="0">
  <testcase name="test_incorrect_register_with_existed_user" time="5.733" classname="webtest.test_incorrect_register_with_existed_user"/>
</testsuite> <!-- webtest.test_incorrect_register_with_existed_user -->
