<?xml version="1.0" encoding="UTF-8"?>
<!-- Generated by org.testng.reporters.JUnitReportReporter -->
<testsuite skipped="0" hostname="feiyanhongdeMacBook-Air.local" name="webtest.test_chrome_correct_register" tests="1" failures="0" timestamp="05 一月 2019 09:34:14 GMT" time="3380.437" errors="0">
  <testcase name="test_chrome_correct_register" time="3380.437" classname="webtest.test_chrome_correct_register"/>
</testsuite> <!-- webtest.test_chrome_correct_register -->
