<?xml version="1.0" encoding="UTF-8"?>
<!-- Generated by org.testng.reporters.JUnitReportReporter -->
<testsuite skipped="0" hostname="feiyanhongdeMacBook-Air.local" name="webtest.test_login" tests="1" failures="0" timestamp="10 一月 2019 14:40:25 GMT" time="5.847" errors="0">
  <testcase name="test_login" time="5.847" classname="webtest.test_login"/>
</testsuite> <!-- webtest.test_login -->
