<?xml version="1.0" encoding="UTF-8"?>
<!-- Generated by org.testng.reporters.JUnitReportReporter -->
<testsuite skipped="0" hostname="feiyanhongdeMacBook-Air.local" name="webtest.test_firefox_incorrect_register_with_noselect_gender" tests="1" failures="0" timestamp="04 一月 2019 07:38:12 GMT" time="7.736" errors="0">
  <testcase name="test_firefox_incorrect_register_with_noselect_gender" time="7.736" classname="webtest.test_firefox_incorrect_register_with_noselect_gender"/>
</testsuite> <!-- webtest.test_firefox_incorrect_register_with_noselect_gender -->
