<?xml version="1.0" encoding="UTF-8"?>
<!-- Generated by org.testng.reporters.JUnitReportReporter -->
<testsuite skipped="0" hostname="feiyanhongdeMacBook-Air.local" name="webtest.test_firefox_incorrect_register_with_existed_user" tests="1" failures="0" timestamp="04 一月 2019 07:36:38 GMT" time="7.548" errors="0">
  <testcase name="test_firefox_incorrect_register_with_existed_user" time="7.548" classname="webtest.test_firefox_incorrect_register_with_existed_user"/>
</testsuite> <!-- webtest.test_firefox_incorrect_register_with_existed_user -->
