<?xml version="1.0" encoding="UTF-8"?>
<!-- Generated by org.testng.reporters.JUnitReportReporter -->
<testsuite skipped="0" hostname="feiyanhongdeMacBook-Air.local" name="webtest.test_firefox_incorrect_login_with_nonexist_tele" tests="1" failures="0" timestamp="07 一月 2019 05:00:16 GMT" time="8.148" errors="0">
  <testcase name="test_firefox_incorrect_login_with_nonexist_tele" time="8.148" classname="webtest.test_firefox_incorrect_login_with_nonexist_tele"/>
</testsuite> <!-- webtest.test_firefox_incorrect_login_with_nonexist_tele -->
