<?xml version="1.0" encoding="UTF-8"?>
<!-- Generated by org.testng.reporters.JUnitReportReporter -->
<testsuite skipped="0" hostname="feiyanhongdeMacBook-Air.local" name="webtest.test_firefox_incorrect_login_with_incorrect_password" tests="1" failures="0" timestamp="07 一月 2019 04:59:57 GMT" time="8.537" errors="0">
  <testcase name="test_firefox_incorrect_login_with_incorrect_password" time="8.537" classname="webtest.test_firefox_incorrect_login_with_incorrect_password"/>
</testsuite> <!-- webtest.test_firefox_incorrect_login_with_incorrect_password -->
