<?xml version="1.0" encoding="UTF-8"?>
<!-- Generated by org.testng.reporters.JUnitReportReporter -->
<testsuite skipped="0" hostname="feiyanhongdeMacBook-Air.local" name="webtest.test_chrome_register_and_login" tests="1" failures="0" timestamp="04 一月 2019 11:38:53 GMT" time="8.849" errors="0">
  <testcase name="test_chrome_register_and_login" time="8.849" classname="webtest.test_chrome_register_and_login"/>
</testsuite> <!-- webtest.test_chrome_register_and_login -->
