<?xml version="1.0" encoding="UTF-8"?>
<!-- Generated by org.testng.reporters.JUnitReportReporter -->
<testsuite skipped="0" hostname="feiyanhongdeMacBook-Air.local" name="webtest.test_incorrect_login_with_nonexist_tele" tests="1" failures="0" timestamp="03 一月 2019 13:45:41 GMT" time="6.108" errors="0">
  <testcase name="test_incorrect_login_with_nonexist_tele" time="6.108" classname="webtest.test_incorrect_login_with_nonexist_tele"/>
</testsuite> <!-- webtest.test_incorrect_login_with_nonexist_tele -->
