<?xml version="1.0" encoding="UTF-8"?>
<!-- Generated by org.testng.reporters.JUnitReportReporter -->
<testsuite skipped="0" hostname="feiyanhongdeMacBook-Air.local" name="webtest.test_firefox_login_and_update" tests="1" failures="0" timestamp="04 一月 2019 11:21:18 GMT" time="11.835" errors="0">
  <testcase name="test_firefox_login_and_update" time="11.835" classname="webtest.test_firefox_login_and_update"/>
</testsuite> <!-- webtest.test_firefox_login_and_update -->
