<?xml version="1.0" encoding="UTF-8"?>
<!-- Generated by org.testng.reporters.JUnitReportReporter -->
<testsuite skipped="0" hostname="feiyanhongdeMacBook-Air.local" name="webtest.test_chrome_update" tests="1" failures="0" timestamp="04 一月 2019 13:36:29 GMT" time="31.510" errors="0">
  <testcase name="test" time="31.510" classname="webtest.test_chrome_update"/>
</testsuite> <!-- webtest.test_chrome_update -->
