<?xml version="1.0" encoding="UTF-8"?>
<!-- Generated by org.testng.reporters.JUnitReportReporter -->
<testsuite skipped="0" hostname="feiyanhongdeMacBook-Air.local" name="webtest.test_firefox_register_with_male" tests="1" failures="0" timestamp="04 一月 2019 07:42:25 GMT" time="7.958" errors="0">
  <testcase name="test_firefox_register_with_male" time="7.958" classname="webtest.test_firefox_register_with_male"/>
</testsuite> <!-- webtest.test_firefox_register_with_male -->
