<?xml version="1.0" encoding="UTF-8"?>
<!-- Generated by org.testng.reporters.JUnitReportReporter -->
<testsuite skipped="0" hostname="feiyanhongdeMacBook-Air.local" name="webtest.test_chrome_register_with_another_gender" tests="1" failures="0" timestamp="04 一月 2019 11:29:10 GMT" time="7.498" errors="0">
  <testcase name="test_chrome_register_with_another_gender" time="7.498" classname="webtest.test_chrome_register_with_another_gender"/>
</testsuite> <!-- webtest.test_chrome_register_with_another_gender -->
