<?xml version="1.0" encoding="UTF-8"?>
<!-- Generated by org.testng.reporters.JUnitReportReporter -->
<testsuite skipped="0" hostname="feiyanhongdeMacBook-Air.local" name="webtest.test_chrome_login_and_update" tests="1" failures="0" timestamp="10 一月 2019 14:24:40 GMT" time="10.747" errors="0">
  <testcase name="test_chrome_login_and_update" time="10.747" classname="webtest.test_chrome_login_and_update"/>
</testsuite> <!-- webtest.test_chrome_login_and_update -->
