<?xml version="1.0" encoding="UTF-8"?>
<!-- Generated by org.testng.reporters.JUnitReportReporter -->
<testsuite skipped="0" hostname="feiyanhongdeMacBook-Air.local" name="webtest.test_firefox_register_and_login" tests="1" failures="0" timestamp="04 一月 2019 11:19:44 GMT" time="12.333" errors="0">
  <testcase name="test_firefox_register_and_login" time="12.333" classname="webtest.test_firefox_register_and_login"/>
</testsuite> <!-- webtest.test_firefox_register_and_login -->
