<?xml version="1.0" encoding="UTF-8"?>
<!-- Generated by org.testng.reporters.JUnitReportReporter -->
<testsuite skipped="0" hostname="feiyanhongdeMacBook-Air.local" name="webtest.test_chrome_incorrect_login_with_nonexist_tele" tests="1" failures="0" timestamp="10 一月 2019 14:19:59 GMT" time="8.378" errors="0">
  <testcase name="test_chrome_incorrect_login_with_nonexist_tele" time="8.378" classname="webtest.test_chrome_incorrect_login_with_nonexist_tele"/>
</testsuite> <!-- webtest.test_chrome_incorrect_login_with_nonexist_tele -->
